#
#
#
#
#
#    Don't try viewing this report without a plog-converter utility!!!
#
#    plog-converter -a GA:1,2 -t tasklist -o report.tasks /path/to/this/file.log
#
#    A link to the documentation: https://pvs-studio.com/en/docs/manual/0036/
#
#
#
#
#
d99cf3ba-6fcd-43f9-9260-1179fa3a9bed
dR'8_uR%RrVbGRER'haa@->uR%Rcccccccccccccccc -a=oK]->>uacmc-nRER']uR%[XGER U2=u$2UaPR% U2=uER2uvu2R%xERPu==UjuR%R,LucvU2huc8 cN->oNcofkuc-=cU==-j>u_co8coLuck8->ouac8 cN->oNcofku}c{8>=-_uac->=ku'o->jcoLucU==-j>Pu>o%cN -a=oK]->>uacmc-N}RER>u/o@->uR%Rcccccccccccccccc]->>ua=K'8h>owwnRERk8=-o-8>=R%!dR -2uR%R(a88o(=a'(6U=oua}'RER2->u=R%!*ib"B"ERkauv@->uR%RccccccccccccccccP->KvU2-_KP8vuK'8h>ocmcjUPuK=oUouw3k2Ufua=!-"}vU2-_KP8vuK'8h>onRER=U=o1_R%R{<C,w1Q,*Vw{RB
dR'8_uR%RrVbGRER'haa@->uR%Rcccccccccccccccccccc -a=oK]->>uacmc-nRER']uR%[XGER U2=u$2UaPR% U2=uER2uvu2R%xERPu==UjuR%R,LucvU2huc8 cN->oNcofkuc-=cU==-j>u_co8coLuck8->ouac8 cN->oNcofku}c{8>=-_uac->=ku'o->jcoLucU==-j>Pu>o%cN -a=oK]->>uacmc-N}RER>u/o@->uR%Rcccccccccccccccccccc]->>ua=K'8h>owwnRERk8=-o-8>=R%!dR -2uR%R(a88o(=a'(6U=oua}'RER2->u=R%!bSi"B"ERkauv@->uR%RccccccccccccccccccccP->K->vU2-_KP8vuK'8h>ocmcjUPuK=oUouw3k2Ufua=!-"}->vU2-_KP8vuK'8h>onRER=U=o1_R%R{<C,w1Q,*Vw{RB
dR'8_uR%RrViJRER'haa@->uR%RccccccccjUPuK=oUouw3k2Ufua=!-"}>UPu!=oa2u>;jUPuK=oUouw3k2Ufua=!-"}>UPu^"cmcN))SNnRER']uR%GXXER U2=u$2UaPR% U2=uER2uvu2R%xERPu==UjuR%R$>c->Ukka8ka-UoucUoouPkoco8cUkku>_cUc>h22c'LUaU'ouaco8cUc=oa->j}c,8c_uouaP->ucoLuc2u>joLc8 cUc=oa->jc9fcN=oa2u>Nc h>'o-8>c'8aau'o2fEcUc=oa->jcu>_->jc]-oLcUc>h22couaP->Uo8ac=L8h2_c9uch=u_c->coLuc -a=ock2U'u}RER>u/o@->uR%RccccccccjUPuK=oUouw3k2Ufua=!-"}='8aucmcSnRERk8=-o-8>=R%!dR -2uR%R(a88o(=a'(6U=oua}'RER2->u=R%!Gx"B"ERkauv@->uR%Rcccccccc=oa>'kf;jUPuK=oUouw3k2Ufua=!-"}>UPuEck2UfuaK>UPu=!-"Ec.,CK$CHK6$MK.1W<cwcx^nRER=U=o1_R%R{<C,w.,C*Jw{RB
dR'8_uR%Rr[bGRER'haa@->uR%Rcccccccccccc- ;jUPuK=oUouw3 ->-=Lu_^dRER']uR%[GSER U2=u$2UaPR% U2=uER2uvu2R%JERPu==UjuR%R</kau==-8>cNjUPuK=oUouw3 ->-=Lu_Nc-=cU2]Uf=c U2=u}RER>u/o@->uR%Rcccccccccccccccc=uPKk8=o;ZjUPuK=f>'w3LU=K'LU>ju=^nRERk8=-o-8>=R%!dR -2uR%R(a88o(=a'(6U=oua}'RER2->u=R%!xGi"B"ERkauv@->uR%Rcccccccccccc'Lu'sK928'su_Kk2Ufua=;Z=uoo->j=^nRB
dR'8_uR%Rr[VSRER'haa@->uR%Rcccccccc 8a;-cmc -a=oKkEc5cmcSnc5cycjUPuK=oUouw3k2UfuaK'8h>ocZZc&jUPuK=oUouw3 ->-=Lu_nc5ttEc-cmc;-ctcx^cYcjUPuK=oUouw3k2UfuaK'8h>o^cdRER']uR%[GxER U2=u$2UaPR% U2=uER2uvu2R%JERPu==UjuR%R$ckUaoc8 c'8>_-o-8>U2cu/kau==-8>c-=cU2]Uf=coahu%c&jUPuK=oUouw3 ->-=Lu_}RER>u/o@->uR%Rcccccccccccc- ;cTFK1..<,;k-ku=!-"!CK<QF"EcZauU_ _=^cZZc&jUPuK=oUouw3k2Ufua=!-"}-=K928'su_c^cdRERk8=-o-8>=R%!dR -2uR%R(a88o(=a'(6U=oua}'RER2->u=R%!xJb"B"ERkauv@->uR%Rcccccccc((mmmmmmmmmmmmmmmmmmmmmmmmmmmmmmmmmmmmmmmmmcau'u-vucP8vucmmmmmmmmmmmmmmmmmmmmmmmmmmmmmmmmmmmmmmmmmc((cRB
dR'8_uR%Rr[VSRER'haa@->uR%Rcccccccc 8a;-cmc -a=oKkEc5cmcSnc5cycjUPuK=oUouw3k2UfuaK'8h>ocZZc&jUPuK=oUouw3 ->-=Lu_nc5ttEc-cmc;-ctcx^cYcjUPuK=oUouw3k2UfuaK'8h>o^cdRER']uR%[GxER U2=u$2UaPR% U2=uER2uvu2R%JERPu==UjuR%R$ckUaoc8 c'8>_-o-8>U2cu/kau==-8>c-=cU2]Uf=coahu%c&jUPuK=oUouw3 ->-=Lu_}RERk8=-o-8>=R%!dR -2uR%R(a88o(=a'(6U=oua}'RER2->u=R%!xb*"B"ERkauv@->uR%Rcccccccc((mmmmmmmmmmmmmmmmmmmmmmmmmmmmmmmmmmmmmmmmmcu/u'houcP8vucmmmmmmmmmmmmmmmmmmmmmmmmmmmmmmmmmmmmmmmmmc((RB
dR'8_uR%RrVSxRER'haa@->uR%Rcccccccc 8a;->oc-cmc -a=oK]->>uactcxnc-cycjUPuK=oUouw3k2UfuaK'8h>onc-tt^dRER']uR%GSbER U2=u$2UaPR% U2=uER2uvu2R%JERPu==UjuR%R\8->ouac-=c-Pk2-'-o2fc'U=oco8cU>c->oujuacofku}RER>u/o@->uR%Rcccccccccccc- ;+]->>ua=!-"cZZc;jUPuK=oUouw3k2Ufua=!-"}vU2-_KP8vuK'8h>oc3cP->KvU2-_KP8vuK'8h>o^^dRERk8=-o-8>=R%!dR -2uR%R(a88o(=a'(6U=oua}'RER2->u=R%!*XG"B"ER=U=o1_R%R{<C,w1Q,*Vw{RB
dR'8_uR%RrVSxRER'haa@->uR%Rcccccccccccc 8a;->oc-cmc -a=oK]->>uactcxnc-cycjUPuK=oUouw3k2UfuaK'8h>onc-tt^dRER']uR%GSbER U2=u$2UaPR% U2=uER2uvu2R%JERPu==UjuR%R\8->ouac-=c-Pk2-'-o2fc'U=oco8cU>c->oujuacofku}RER>u/o@->uR%Rcccccccccccccccc- ;+]->>ua=!-"cZZc;jUPuK=oUouw3k2Ufua=!-"}->vU2-_KP8vuK'8h>oc3cP->K->vU2-_KP8vuK'8h>o^^dRERk8=-o-8>=R%!dR -2uR%R(a88o(=a'(6U=oua}'RER2->u=R%!bSJ"B"ER=U=o1_R%R{<C,w1Q,*Vw{RB
dR'8_uR%RrVxiRER'haa@->uR%Rccccccccka->o ;)R))o))oY=))>)REcjUPuK=oUouw3k2Ufua=w3>UPu^nRER']uR%bXSER U2=u$2UaPR% U2=uER2uvu2R%JERPu==UjuR%R,LucUaaUfcNjUPuK=oUouw3k2Ufua=Nc-=c9u->jcho-2-:u_cU=cUck8->ouaco8c=->j2uc895u'o}RER>u/o@->uR%RccccBRERk8=-o-8>=R%!dR -2uR%R(a88o(=a'(6U=oua}'RER2->u=R%!JxX"B"ERkauv@->uR%Rcccc 8a;->oc-cmcSnc-cycjUPuK=oUouw3k2UfuaK'8h>onc-tt^dRER=U=o1_R%R{<C,w<M\SXw{RB
dR'8_uR%Rr[GVRER'haa@->uR%Rccccka->o ;)R4<@{?6<c,?c{I?6\{I$6\.&))>))>HUPuc-> 8aPUo-8>))>))o]-_oLcw3cY_))>))oLu-jLocw3cY_))>))o_u2Ufcw3cY_))>))oo-Pu8hocw3cY_))>))o=uu_cw3cY2_))>))ov-u]cw3cY=))>))oo8oU2ck2Ufua=cw3cY_))>)REcjUPuK=oUouw3]-_oLEcjUPuK=oUouw3Lu-jLoEc=uoo->j=w3_u2UfEc=uoo->j=w3o-Pu8hoEc=uoo->j=w3=uu_Ec=uoo->j=w3v-u]EcjUPuK=oUouw3k2UfuaK'8h>o^nRER']uR%VJXER U2=u$2UaPR% U2=uER2uvu2R%*ERPu==UjuR%R1>'8aau'oc 8aPUo}c{8>=-_uac'Lu's->jcoLucu-jLoLcU'ohU2cUajhPu>oc8 coLucNka->o Nc h>'o-8>}c,Luc.1HQ<Fc->oujuacofkucUajhPu>oc-=cu/ku'ou_}RER>u/o@->uR%Rcccc 8a;->oc-cmcSnc-cycjUPuK=oUouw3k2UfuaK'8h>onc-tt^dRERk8=-o-8>=R%!dR -2uR%R(a88o(=a'(6U=oua}'RER2->u=R%!JxV"B"ERkauv@->uR%Rccccka->o ;$Q.1K{@<$CK.{C<<Q^nRER=U=o1_R%R{<C,wT1?bGw{RB
dR'8_uR%Rr[GVRER'haa@->uR%Rccccka->o ;)R4<@{?6<c,?c{I?6\{I$6\.&))>))>HUPuc-> 8aPUo-8>))>))o]-_oLcw3cY_))>))oLu-jLocw3cY_))>))o_u2Ufcw3cY_))>))oo-Pu8hocw3cY_))>))o=uu_cw3cY2_))>))ov-u]cw3cY=))>))oo8oU2ck2Ufua=cw3cY_))>)REcjUPuK=oUouw3]-_oLEcjUPuK=oUouw3Lu-jLoEc=uoo->j=w3_u2UfEc=uoo->j=w3o-Pu8hoEc=uoo->j=w3=uu_Ec=uoo->j=w3v-u]EcjUPuK=oUouw3k2UfuaK'8h>o^nRER']uR%VJXER U2=u$2UaPR% U2=uER2uvu2R%*ERPu==UjuR%R1>'8aau'oc 8aPUo}c{8>=-_uac'Lu's->jcoLuc - oLcU'ohU2cUajhPu>oc8 coLucNka->o Nc h>'o-8>}c,Luc.1HQ<Fc->oujuacofkucUajhPu>oc-=cu/ku'ou_}RER>u/o@->uR%Rcccc 8a;->oc-cmcSnc-cycjUPuK=oUouw3k2UfuaK'8h>onc-tt^dRERk8=-o-8>=R%!dR -2uR%R(a88o(=a'(6U=oua}'RER2->u=R%!JxV"B"ERkauv@->uR%Rccccka->o ;$Q.1K{@<$CK.{C<<Q^nRER=U=o1_R%R{<C,wT1?bGw{RB
dR'8_uR%Rr[GVRER'haa@->uR%Rccccka->o ;)R4<@{?6<c,?c{I?6\{I$6\.&))>))>HUPuc-> 8aPUo-8>))>))o]-_oLcw3cY_))>))oLu-jLocw3cY_))>))o_u2Ufcw3cY_))>))oo-Pu8hocw3cY_))>))o=uu_cw3cY2_))>))ov-u]cw3cY=))>))oo8oU2ck2Ufua=cw3cY_))>)REcjUPuK=oUouw3]-_oLEcjUPuK=oUouw3Lu-jLoEc=uoo->j=w3_u2UfEc=uoo->j=w3o-Pu8hoEc=uoo->j=w3=uu_Ec=uoo->j=w3v-u]EcjUPuK=oUouw3k2UfuaK'8h>o^nRER']uR%VJXER U2=u$2UaPR% U2=uER2uvu2R%*ERPu==UjuR%R1>'8aau'oc 8aPUo}c{8>=-_uac'Lu's->jcoLuc 8haoLcU'ohU2cUajhPu>oc8 coLucNka->o Nc h>'o-8>}c,Luc.1HQ<Fc->oujuacofkucUajhPu>oc-=cu/ku'ou_}RER>u/o@->uR%Rcccc 8a;->oc-cmcSnc-cycjUPuK=oUouw3k2UfuaK'8h>onc-tt^dRERk8=-o-8>=R%!dR -2uR%R(a88o(=a'(6U=oua}'RER2->u=R%!JxV"B"ERkauv@->uR%Rccccka->o ;$Q.1K{@<$CK.{C<<Q^nRER=U=o1_R%R{<C,wT1?bGw{RB
dR'8_uR%Rr[GVRER'haa@->uR%Rccccccccccccka->o ;)RY=\2UfuacY=c;Y_^cu/-ou_c;Y_^c]-oL%))>))o='8auc8 cY_))>))oY_cvU2-_cP8vu=c_8>u))>))oY_c->vU2-_cP8vu=c_8>uY=))>)REcRER']uR%VJXER U2=u$2UaPR% U2=uER2uvu2R%*ERPu==UjuR%R1>'8aau'oc 8aPUo}c{8>=-_uac'Lu's->jcoLucu-jLoLcU'ohU2cUajhPu>oc8 coLucNka->o Nc h>'o-8>}c,Luc.1HQ<Fc->oujuacofkucUajhPu>oc-=cu/ku'ou_}RER>u/o@->uR%Rcccccccccccccccc'828a=!-"EcjUPuK=oUouw3k2Ufua=!-"}>UPuEc-Ec=oUoh=EcjUPuK=oUouw3k2Ufua=!-"}='8auEcjUPuK=oUouw3k2Ufua=!-"}vU2-_KP8vuK'8h>oEcjUPuK=oUouw3k2Ufua=!-"}->vU2-_KP8vuK'8h>oEc$Q.1K{?@?CKC<.<,^nRERk8=-o-8>=R%!dR -2uR%R(a88o(=a'(6U=oua}'RER2->u=R%!*VV"B"ER=U=o1_R%R{<C,wT1?bGw{RB
dR'8_uR%Rr[GVRER'haa@->uR%Rccccccccccccka->o ;)RY=\2UfuacY=c;Y_^cu/-ou_c;Y_^c]-oL%))>))o='8auc8 cY_))>))oY_cvU2-_cP8vu=c_8>u))>))oY_c->vU2-_cP8vu=c_8>uY=))>)REcRER']uR%VJXER U2=u$2UaPR% U2=uER2uvu2R%*ERPu==UjuR%R1>'8aau'oc 8aPUo}c{8>=-_uac'Lu's->jcoLuc=uvu>oLcU'ohU2cUajhPu>oc8 coLucNka->o Nc h>'o-8>}c,Luc.1HQ<Fc->oujuacofkucUajhPu>oc-=cu/ku'ou_}RER>u/o@->uR%Rcccccccccccccccc'828a=!-"EcjUPuK=oUouw3k2Ufua=!-"}>UPuEc-Ec=oUoh=EcjUPuK=oUouw3k2Ufua=!-"}='8auEcjUPuK=oUouw3k2Ufua=!-"}vU2-_KP8vuK'8h>oEcjUPuK=oUouw3k2Ufua=!-"}->vU2-_KP8vuK'8h>oEc$Q.1K{?@?CKC<.<,^nRERk8=-o-8>=R%!dR -2uR%R(a88o(=a'(6U=oua}'RER2->u=R%!*VV"B"ER=U=o1_R%R{<C,wT1?bGw{RB
dR'8_uR%Rr[GVRER'haa@->uR%Rccccccccccccka->o ;)RY=\2UfuacY=c;Y_^cu/-ou_c;Y_^c]-oL%))>))o='8auc8 cY_))>))oY_cvU2-_cP8vu=c_8>u))>))oY_c->vU2-_cP8vu=c_8>uY=))>)REcRER']uR%VJXER U2=u$2UaPR% U2=uER2uvu2R%*ERPu==UjuR%R1>'8aau'oc 8aPUo}c{8>=-_uac'Lu's->jcoLuc=-/oLcU'ohU2cUajhPu>oc8 coLucNka->o Nc h>'o-8>}c,Luc.1HQ<Fc->oujuacofkucUajhPu>oc-=cu/ku'ou_}RER>u/o@->uR%Rcccccccccccccccc'828a=!-"EcjUPuK=oUouw3k2Ufua=!-"}>UPuEc-Ec=oUoh=EcjUPuK=oUouw3k2Ufua=!-"}='8auEcjUPuK=oUouw3k2Ufua=!-"}vU2-_KP8vuK'8h>oEcjUPuK=oUouw3k2Ufua=!-"}->vU2-_KP8vuK'8h>oEc$Q.1K{?@?CKC<.<,^nRERk8=-o-8>=R%!dR -2uR%R(a88o(=a'(6U=oua}'RER2->u=R%!*VV"B"ER=U=o1_R%R{<C,wT1?bGw{RB
